\BOOKMARK [1][-]{section.1}{\376\377\0002\0000\0002\0004\136\164\0001\0000\147\010\0009\145\345}{}% 1
\BOOKMARK [2][-]{subsection.1.1}{\376\377\000G\000e\000o\000m\000e\000t\000r\000i\000c\000a\000l\000l\000y\000\040\000C\000o\000n\000s\000t\000r\000a\000i\000n\000e\000d\000\040\000T\000r\000a\000j\000e\000c\000t\000o\000r\000y\000\040\000O\000p\000t\000i\000m\000i\000z\000a\000t\000i\000o\000n\000\040\000f\000o\000r\000\040\000M\000u\000l\000t\000i\000c\000o\000p\000t\000e\000r\000s\000\050\000T\000-\000R\000O\0002\0000\0002\0002\000\051}{section.1}% 2
\BOOKMARK [3][-]{subsubsection.1.1.1}{\376\377\121\370\131\032\227\142\117\123\121\340\117\125\176\246\147\137\166\204\131\004\164\006}{subsection.1.1}% 3
\BOOKMARK [3][-]{subsubsection.1.1.2}{\376\377\145\366\225\364\176\246\147\137\166\204\131\004\164\006}{subsection.1.1}% 4
\BOOKMARK [3][-]{subsubsection.1.1.3}{\376\377\217\336\176\355\145\366\225\364\176\246\147\137\117\030\123\026\166\204\140\351\177\132\154\333\121\375}{subsection.1.1}% 5
\BOOKMARK [3][-]{subsubsection.1.1.4}{\376\377\000M\000I\000N\000C\000O\217\150\217\371\174\173\377\010\213\346\176\306\123\302\200\003\153\325\213\276\213\272\145\207\377\011}{subsection.1.1}% 6
\BOOKMARK [3][-]{subsubsection.1.1.5}{\376\377\000M\000I\000N\000C\000O\217\150\217\371\174\173\150\257\136\246\117\040\133\374}{subsection.1.1}% 7
\BOOKMARK [2][-]{subsection.1.2}{\376\377\000G\000C\000O\000P\000T\000E\000R\156\220\116\343\170\001\133\146\116\140}{section.1}% 8
\BOOKMARK [3][-]{subsubsection.1.2.1}{\376\377\116\343\170\001\145\207\116\366\166\356\137\125}{subsection.1.2}% 9
\BOOKMARK [3][-]{subsubsection.1.2.2}{\376\377\000t\000r\000a\000j\000e\000c\000t\000o\000r\000y\000.\000h\000p\000p}{subsection.1.2}% 10
\BOOKMARK [3][-]{subsubsection.1.2.3}{\376\377\000m\000i\000n\000c\000o\000.\000h\000p\000p}{subsection.1.2}% 11
\BOOKMARK [3][-]{subsubsection.1.2.4}{\376\377\000l\000b\000f\000g\000s\000.\000h\000p\000p}{subsection.1.2}% 12
\BOOKMARK [3][-]{subsubsection.1.2.5}{\376\377\000g\000c\000o\000p\000t\000e\000r\000.\000h\000p\000p}{subsection.1.2}% 13
\BOOKMARK [1][-]{section.2}{\376\377\0002\0000\0002\0004\136\164\0001\0000\147\010\0002\0001\145\345}{}% 14
\BOOKMARK [2][-]{subsection.2.1}{\376\377\000P\000o\000l\000y\000n\000o\000m\000i\000a\000l\000-\000b\000a\000s\000e\000d\000\040\000O\000n\000l\000i\000n\000e\000\040\000P\000l\000a\000n\000n\000i\000n\000g\000\040\000f\000o\000r\000\040\000A\000u\000t\000o\000n\000o\000m\000o\000u\000s\000\040\000D\000r\000o\000n\000e\000\040\000R\000a\000c\000i\000n\000g\000\040\000i\000n\000\040\000D\000y\000n\000a\000m\000i\000c\000\040\000E\000n\000v\000i\000r\000o\000n\000m\000e\000n\000t\000s\000\050\000I\000R\000O\000S\0002\0000\0002\0003\000\051}{section.2}% 15
\BOOKMARK [3][-]{subsubsection.2.1.1}{\376\377\213\272\145\207\116\073\211\201\170\024\172\166\121\205\133\271}{subsection.2.1}% 16
\BOOKMARK [1][-]{section.3}{\376\377\0002\0000\0002\0004\136\164\0001\0000\147\010\0003\0000\145\345}{}% 17
\BOOKMARK [2][-]{subsection.3.1}{\376\377\134\006\000G\000C\000O\000P\000T\000E\000R\000-\000M\000I\000N\000C\000O\000S\116\343\170\001\171\373\151\015\201\363\000E\000G\000O\000-\000P\000L\000A\000N\000N\000E\000R\000-\000V\0002}{section.3}% 18
\BOOKMARK [2][-]{subsection.3.2}{\376\377\000T\000i\000m\000e\000-\000O\000p\000t\000i\000m\000a\000l\000\040\000G\000a\000t\000e\000-\000T\000r\000a\000v\000e\000r\000s\000i\000n\000g\000\040\000P\000l\000a\000n\000n\000e\000r\000\040\000f\000o\000r\000\040\000A\000u\000t\000o\000n\000o\000m\000o\000u\000s\000\040\000D\000r\000o\000n\000e\000\040\000R\000a\000c\000i\000n\000g\000\050\000I\000C\000R\000A\0002\0000\0002\0004\000\051}{section.3}% 19
\BOOKMARK [3][-]{subsubsection.3.2.1}{\376\377\213\272\145\207\142\100\211\343\121\263\166\204\225\356\230\230}{subsection.3.2}% 20
\BOOKMARK [3][-]{subsubsection.3.2.2}{\376\377\213\272\145\207\173\227\154\325}{subsection.3.2}% 21
\BOOKMARK [3][-]{subsubsection.3.2.3}{\376\377\213\272\145\207\124\057\123\321}{subsection.3.2}% 22
\BOOKMARK [1][-]{section.4}{\376\377\0002\0000\0002\0004\136\164\0001\0001\147\010\0001\0002\145\345}{}% 23
\BOOKMARK [2][-]{subsection.4.1}{\376\377\000M\000i\000n\000i\000m\000u\000m\000\040\000S\000n\000a\000p\000\040\000T\000r\000a\000j\000e\000c\000t\000o\000r\000y\000\040\000G\000e\000n\000e\000r\000a\000t\000i\000o\000n\000\040\000a\000n\000d\000\040\000C\000o\000n\000t\000r\000o\000l\000\040\000f\000o\000r\000\040\000Q\000u\000a\000d\000r\000o\000t\000o\000r\000s\000\050\000I\000C\000R\000A\0002\0000\0001\0001\000\051}{section.4}% 24
\BOOKMARK [3][-]{subsubsection.4.1.1}{\376\377\213\272\145\207\142\100\211\343\121\263\166\204\225\356\230\230}{subsection.4.1}% 25
\BOOKMARK [3][-]{subsubsection.4.1.2}{\376\377\213\272\145\207\173\227\154\325}{subsection.4.1}% 26
\BOOKMARK [3][-]{subsubsection.4.1.3}{\376\377\213\272\145\207\133\236\232\214\176\323\147\234}{subsection.4.1}% 27
\BOOKMARK [3][-]{subsubsection.4.1.4}{\376\377\213\272\145\207\124\057\123\321}{subsection.4.1}% 28
